1650385271.119271 client started (2203381): version 2.7, socket /tmp/tmux-1000/default, protocol 8
1650385271.119289 on Linux 5.4.17-2136.304.4.3.el8uek.aarch64 #2 SMP Wed Mar 2 18:04:47 PST 2022; libevent 2.1.8-stable (poll)
1650385271.119297 socket is /tmp/tmux-1000/default
1650385271.119318 trying connect
1650385271.119609 add peer 0xaaad9b79b000: 6 ((nil))
1650385271.120217 sending message 100 to peer 0xaaad9b79b000 (4 bytes)
1650385271.120224 sending message 101 to peer 0xaaad9b79b000 (6 bytes)
1650385271.120226 sending message 102 to peer 0xaaad9b79b000 (11 bytes)
1650385271.120228 sending message 108 to peer 0xaaad9b79b000 (20 bytes)
1650385271.120231 sending message 104 to peer 0xaaad9b79b000 (0 bytes)
1650385271.120234 sending message 107 to peer 0xaaad9b79b000 (4 bytes)
1650385271.120236 sending message 105 to peer 0xaaad9b79b000 (1515 bytes)
1650385271.120242 sending message 105 to peer 0xaaad9b79b000 (47 bytes)
1650385271.120244 sending message 105 to peer 0xaaad9b79b000 (17 bytes)
1650385271.120246 sending message 105 to peer 0xaaad9b79b000 (23 bytes)
1650385271.120248 sending message 105 to peer 0xaaad9b79b000 (16 bytes)
1650385271.120250 sending message 105 to peer 0xaaad9b79b000 (14 bytes)
1650385271.120252 sending message 105 to peer 0xaaad9b79b000 (25 bytes)
1650385271.120254 sending message 105 to peer 0xaaad9b79b000 (18 bytes)
1650385271.120256 sending message 105 to peer 0xaaad9b79b000 (9 bytes)
1650385271.120258 sending message 105 to peer 0xaaad9b79b000 (24 bytes)
1650385271.120260 sending message 105 to peer 0xaaad9b79b000 (24 bytes)
1650385271.120262 sending message 105 to peer 0xaaad9b79b000 (15 bytes)
1650385271.120264 sending message 105 to peer 0xaaad9b79b000 (33 bytes)
1650385271.120266 sending message 105 to peer 0xaaad9b79b000 (25 bytes)
1650385271.120268 sending message 105 to peer 0xaaad9b79b000 (19 bytes)
1650385271.120270 sending message 105 to peer 0xaaad9b79b000 (25 bytes)
1650385271.120273 sending message 105 to peer 0xaaad9b79b000 (11 bytes)
1650385271.120275 sending message 105 to peer 0xaaad9b79b000 (16 bytes)
1650385271.120277 sending message 105 to peer 0xaaad9b79b000 (25 bytes)
1650385271.120279 sending message 105 to peer 0xaaad9b79b000 (27 bytes)
1650385271.120281 sending message 105 to peer 0xaaad9b79b000 (8 bytes)
1650385271.120283 sending message 105 to peer 0xaaad9b79b000 (12 bytes)
1650385271.120285 sending message 105 to peer 0xaaad9b79b000 (54 bytes)
1650385271.120287 sending message 105 to peer 0xaaad9b79b000 (31 bytes)
1650385271.120289 sending message 105 to peer 0xaaad9b79b000 (90 bytes)
1650385271.120291 sending message 105 to peer 0xaaad9b79b000 (14 bytes)
1650385271.120293 sending message 105 to peer 0xaaad9b79b000 (35 bytes)
1650385271.120295 sending message 105 to peer 0xaaad9b79b000 (147 bytes)
1650385271.120297 sending message 105 to peer 0xaaad9b79b000 (16 bytes)
1650385271.120299 sending message 105 to peer 0xaaad9b79b000 (17 bytes)
1650385271.120302 sending message 106 to peer 0xaaad9b79b000 (0 bytes)
1650385271.120305 sending message 200 to peer 0xaaad9b79b000 (4 bytes)
1650385271.120307 client loop enter
1650385271.126097 peer 0xaaad9b79b000 message 207
1650385271.126110 sending message 208 to peer 0xaaad9b79b000 (0 bytes)
1650385337.563061 client loop exit
